Symlinking /home/chengrui/MyFile/course2023-0304/devel/share/common-lisp/ros/course_agv_nav/srv/course_agv_nav-srv.asd
Symlinking /home/chengrui/MyFile/course2023-0304/devel/share/common-lisp/ros/course_agv_nav/srv/Plan.lisp
Symlinking /home/chengrui/MyFile/course2023-0304/devel/share/common-lisp/ros/course_agv_nav/srv/_package.lisp
Symlinking /home/chengrui/MyFile/course2023-0304/devel/share/common-lisp/ros/course_agv_nav/srv/_package_Plan.lisp
Symlinking /home/chengrui/MyFile/course2023-0304/devel/share/roseus/ros/course_agv_nav/manifest.l
Symlinking /home/chengrui/MyFile/course2023-0304/devel/share/roseus/ros/course_agv_nav/srv/Plan.l
Symlinking /home/chengrui/MyFile/course2023-0304/devel/share/gennodejs/ros/course_agv_nav/_index.js
Symlinking /home/chengrui/MyFile/course2023-0304/devel/share/gennodejs/ros/course_agv_nav/srv/Plan.js
Symlinking /home/chengrui/MyFile/course2023-0304/devel/share/gennodejs/ros/course_agv_nav/srv/_index.js
Symlinking /home/chengrui/MyFile/course2023-0304/devel/share/course_agv_nav/cmake/course_agv_nav-msg-paths.cmake
Symlinking /home/chengrui/MyFile/course2023-0304/devel/share/course_agv_nav/cmake/course_agv_nav-msg-extras.cmake
Symlinking /home/chengrui/MyFile/course2023-0304/devel/share/course_agv_nav/cmake/course_agv_navConfig.cmake
Symlinking /home/chengrui/MyFile/course2023-0304/devel/share/course_agv_nav/cmake/course_agv_navConfig-version.cmake
Symlinking /home/chengrui/MyFile/course2023-0304/devel/include/course_agv_nav/PlanResponse.h
Symlinking /home/chengrui/MyFile/course2023-0304/devel/include/course_agv_nav/Plan.h
Symlinking /home/chengrui/MyFile/course2023-0304/devel/include/course_agv_nav/PlanRequest.h
Symlinking /home/chengrui/MyFile/course2023-0304/devel/lib/python2.7/dist-packages/course_agv_nav/__init__.py
Symlinking /home/chengrui/MyFile/course2023-0304/devel/lib/python2.7/dist-packages/course_agv_nav/srv/_Plan.py
Symlinking /home/chengrui/MyFile/course2023-0304/devel/lib/python2.7/dist-packages/course_agv_nav/srv/__init__.py
Symlinking /home/chengrui/MyFile/course2023-0304/devel/lib/pkgconfig/course_agv_nav.pc
