[35m[1mScanning dependencies of target _course_agv_nav_generate_messages_check_deps_Plan[0m
[35m[1mScanning dependencies of target std_msgs_generate_messages_py[0m
[35m[1mScanning dependencies of target std_msgs_generate_messages_eus[0m
[35m[1mScanning dependencies of target std_msgs_generate_messages_lisp[0m
[35m[1mScanning dependencies of target std_msgs_generate_messages_cpp[0m
[35m[1mScanning dependencies of target std_msgs_generate_messages_nodejs[0m
[  0%] Built target std_msgs_generate_messages_py
[  0%] Built target std_msgs_generate_messages_cpp
[  0%] Built target std_msgs_generate_messages_lisp
[  0%] Built target std_msgs_generate_messages_nodejs
[  0%] Built target std_msgs_generate_messages_eus
[  0%] Built target _course_agv_nav_generate_messages_check_deps_Plan
[35m[1mScanning dependencies of target course_agv_nav_generate_messages_py[0m
[35m[1mScanning dependencies of target course_agv_nav_generate_messages_eus[0m
[35m[1mScanning dependencies of target course_agv_nav_generate_messages_nodejs[0m
[35m[1mScanning dependencies of target course_agv_nav_generate_messages_lisp[0m
[35m[1mScanning dependencies of target course_agv_nav_generate_messages_cpp[0m
[ 71%] [34m[1mGenerating EusLisp manifest code for course_agv_nav[0m
[ 71%] [34m[1mGenerating Javascript code from course_agv_nav/Plan.srv[0m
[ 71%] [34m[1mGenerating Lisp code from course_agv_nav/Plan.srv[0m
[ 71%] [34m[1mGenerating Python code from SRV course_agv_nav/Plan[0m
[ 71%] [34m[1mGenerating EusLisp code from course_agv_nav/Plan.srv[0m
[ 85%] [34m[1mGenerating C++ code from course_agv_nav/Plan.srv[0m
[ 85%] Built target course_agv_nav_generate_messages_lisp
[ 85%] Built target course_agv_nav_generate_messages_nodejs
[100%] [34m[1mGenerating Python srv __init__.py for course_agv_nav[0m
[100%] Built target course_agv_nav_generate_messages_cpp
[100%] Built target course_agv_nav_generate_messages_py
[100%] Built target course_agv_nav_generate_messages_eus
[35m[1mScanning dependencies of target course_agv_nav_generate_messages[0m
[100%] Built target course_agv_nav_generate_messages
